2025-06-29 09:12:58,043 - INFO - db_manager - Logger started, file: C:\Users\Ariel Wagowsky\Desktop\Project leah\repo\backend\log\log_files\db_manager_20250629_091258.log
2025-06-29 09:12:58,062 - INFO - db_manager - DBHandler initialized with DB path: C:\Users\Ariel Wagowsky\Desktop\Project leah\repo\backend\app\dbs\admin.db
2025-06-29 09:12:58,063 - DEBUG - db_manager - Opening connection to DB: C:\Users\Ariel Wagowsky\Desktop\Project leah\repo\backend\app\dbs\admin.db
2025-06-29 09:12:58,063 - DEBUG - db_manager - Executing SQL: CREATE TABLE IF NOT EXISTS user_permissions (username TEXT, permission TEXT, PRIMARY KEY(username,permission))
2025-06-29 09:12:58,064 - INFO - db_manager - Query executed and changes committed
2025-06-29 09:12:58,064 - DEBUG - db_manager - Database connection closed
2025-06-29 09:12:58,064 - DEBUG - db_manager - Opening connection to DB: C:\Users\Ariel Wagowsky\Desktop\Project leah\repo\backend\app\dbs\admin.db
2025-06-29 09:12:58,064 - DEBUG - db_manager - Executing SQL: INSERT OR IGNORE INTO user_permissions(username,permission) VALUES('test','login')
2025-06-29 09:12:58,064 - INFO - db_manager - Query executed and changes committed
2025-06-29 09:12:58,064 - DEBUG - db_manager - Database connection closed
2025-06-29 09:12:58,065 - DEBUG - db_manager - Opening connection to DB: C:\Users\Ariel Wagowsky\Desktop\Project leah\repo\backend\app\dbs\admin.db
2025-06-29 09:12:58,065 - DEBUG - db_manager - Executing SQL: INSERT OR IGNORE INTO user_permissions(username,permission) VALUES('test','select_env')
2025-06-29 09:12:58,065 - INFO - db_manager - Query executed and changes committed
2025-06-29 09:12:58,065 - DEBUG - db_manager - Database connection closed
2025-06-29 09:12:58,065 - DEBUG - db_manager - Opening connection to DB: C:\Users\Ariel Wagowsky\Desktop\Project leah\repo\backend\app\dbs\admin.db
2025-06-29 09:12:58,065 - DEBUG - db_manager - Executing SQL: INSERT OR IGNORE INTO user_permissions(username,permission) VALUES('test','view_data')
2025-06-29 09:12:58,066 - INFO - db_manager - Query executed and changes committed
2025-06-29 09:12:58,066 - DEBUG - db_manager - Database connection closed
2025-06-29 09:12:58,066 - DEBUG - db_manager - Opening connection to DB: C:\Users\Ariel Wagowsky\Desktop\Project leah\repo\backend\app\dbs\admin.db
2025-06-29 09:12:58,066 - DEBUG - db_manager - Executing SQL: INSERT OR IGNORE INTO user_permissions(username,permission) VALUES('test','apply_filters')
2025-06-29 09:12:58,067 - INFO - db_manager - Query executed and changes committed
2025-06-29 09:12:58,067 - DEBUG - db_manager - Database connection closed
2025-06-29 09:12:58,067 - DEBUG - db_manager - Opening connection to DB: C:\Users\Ariel Wagowsky\Desktop\Project leah\repo\backend\app\dbs\admin.db
2025-06-29 09:12:58,067 - DEBUG - db_manager - Executing SQL: INSERT OR IGNORE INTO user_permissions(username,permission) VALUES('test','submit_for_approval')
2025-06-29 09:12:58,067 - INFO - db_manager - Query executed and changes committed
2025-06-29 09:12:58,067 - DEBUG - db_manager - Database connection closed
2025-06-29 09:12:58,068 - INFO - db_manager - DBHandler initialized with DB path: C:\Users\Ariel Wagowsky\Desktop\Project leah\repo\backend\app\dbs\admin.db
2025-06-29 09:12:58,068 - DEBUG - db_manager - Opening connection to DB: C:\Users\Ariel Wagowsky\Desktop\Project leah\repo\backend\app\dbs\admin.db
2025-06-29 09:12:58,068 - DEBUG - db_manager - Executing SQL: 
        CREATE TABLE IF NOT EXISTS approval_requests (
            id INTEGER PRIMARY KEY AUTOINCREMENT,
            user TEXT NOT NULL,
            sql TEXT NOT NULL,
            status TEXT NOT NULL DEFAULT 'pending',
            submitted_at TEXT NOT NULL,
            approved_by TEXT
        )
    
2025-06-29 09:12:58,068 - INFO - db_manager - Query executed and changes committed
2025-06-29 09:12:58,068 - DEBUG - db_manager - Database connection closed
2025-06-29 09:12:58,068 - INFO - db_manager - DBHandler initialized with DB path: C:\Users\Ariel Wagowsky\Desktop\Project leah\repo\backend\app\dbs\admin.db
2025-06-29 09:12:58,069 - DEBUG - db_manager - Opening connection to DB: C:\Users\Ariel Wagowsky\Desktop\Project leah\repo\backend\app\dbs\admin.db
2025-06-29 09:12:58,069 - DEBUG - db_manager - Executing SQL: CREATE TABLE IF NOT EXISTS user_permissions (username TEXT, permission TEXT, PRIMARY KEY(username,permission))
2025-06-29 09:12:58,069 - INFO - db_manager - Query executed and changes committed
2025-06-29 09:12:58,069 - DEBUG - db_manager - Database connection closed
2025-06-29 09:12:58,069 - DEBUG - db_manager - Opening connection to DB: C:\Users\Ariel Wagowsky\Desktop\Project leah\repo\backend\app\dbs\admin.db
2025-06-29 09:12:58,069 - DEBUG - db_manager - Executing SQL: INSERT OR IGNORE INTO user_permissions(username,permission) VALUES('test','login')
2025-06-29 09:12:58,069 - INFO - db_manager - Query executed and changes committed
2025-06-29 09:12:58,071 - DEBUG - db_manager - Database connection closed
2025-06-29 09:12:58,071 - DEBUG - db_manager - Opening connection to DB: C:\Users\Ariel Wagowsky\Desktop\Project leah\repo\backend\app\dbs\admin.db
2025-06-29 09:12:58,071 - DEBUG - db_manager - Executing SQL: INSERT OR IGNORE INTO user_permissions(username,permission) VALUES('test','select_env')
2025-06-29 09:12:58,071 - INFO - db_manager - Query executed and changes committed
2025-06-29 09:12:58,071 - DEBUG - db_manager - Database connection closed
2025-06-29 09:12:58,071 - DEBUG - db_manager - Opening connection to DB: C:\Users\Ariel Wagowsky\Desktop\Project leah\repo\backend\app\dbs\admin.db
2025-06-29 09:12:58,072 - DEBUG - db_manager - Executing SQL: INSERT OR IGNORE INTO user_permissions(username,permission) VALUES('test','view_data')
2025-06-29 09:12:58,072 - INFO - db_manager - Query executed and changes committed
2025-06-29 09:12:58,072 - DEBUG - db_manager - Database connection closed
2025-06-29 09:12:58,072 - DEBUG - db_manager - Opening connection to DB: C:\Users\Ariel Wagowsky\Desktop\Project leah\repo\backend\app\dbs\admin.db
2025-06-29 09:12:58,072 - DEBUG - db_manager - Executing SQL: INSERT OR IGNORE INTO user_permissions(username,permission) VALUES('test','apply_filters')
2025-06-29 09:12:58,073 - INFO - db_manager - Query executed and changes committed
2025-06-29 09:12:58,073 - DEBUG - db_manager - Database connection closed
2025-06-29 09:12:58,073 - DEBUG - db_manager - Opening connection to DB: C:\Users\Ariel Wagowsky\Desktop\Project leah\repo\backend\app\dbs\admin.db
2025-06-29 09:12:58,073 - DEBUG - db_manager - Executing SQL: INSERT OR IGNORE INTO user_permissions(username,permission) VALUES('test','submit_for_approval')
2025-06-29 09:12:58,073 - INFO - db_manager - Query executed and changes committed
2025-06-29 09:12:58,073 - DEBUG - db_manager - Database connection closed
2025-06-29 09:12:58,074 - INFO - db_manager - DBHandler initialized with DB path: C:\Users\Ariel Wagowsky\Desktop\Project leah\repo\backend\app\dbs\admin.db
2025-06-29 09:12:58,074 - DEBUG - db_manager - Opening connection to DB: C:\Users\Ariel Wagowsky\Desktop\Project leah\repo\backend\app\dbs\admin.db
2025-06-29 09:12:58,074 - DEBUG - db_manager - Executing SQL: 
        CREATE TABLE IF NOT EXISTS approval_requests (
            id INTEGER PRIMARY KEY AUTOINCREMENT,
            user TEXT NOT NULL,
            sql TEXT NOT NULL,
            status TEXT NOT NULL DEFAULT 'pending',
            submitted_at TEXT NOT NULL,
            approved_by TEXT
        )
    
2025-06-29 09:12:58,074 - INFO - db_manager - Query executed and changes committed
2025-06-29 09:12:58,075 - DEBUG - db_manager - Database connection closed
