2025-06-29 09:08:48,773 - INFO - db_manager - Logger started, file: C:\Users\Ariel Wagowsky\Desktop\Project leah\repo\backend\log\log_files\db_manager_20250629_090848.log
2025-06-29 09:08:48,804 - INFO - db_manager - DBHandler initialized with DB path: C:\Users\Ariel Wagowsky\Desktop\Project leah\repo\backend\app\dbs\admin.db
2025-06-29 09:08:48,804 - DEBUG - db_manager - Opening connection to DB: C:\Users\Ariel Wagowsky\Desktop\Project leah\repo\backend\app\dbs\admin.db
2025-06-29 09:08:48,804 - DEBUG - db_manager - Executing SQL: CREATE TABLE IF NOT EXISTS user_permissions (username TEXT, permission TEXT, PRIMARY KEY(username,permission))
2025-06-29 09:08:48,809 - INFO - db_manager - Query executed and changes committed
2025-06-29 09:08:48,809 - DEBUG - db_manager - Database connection closed
2025-06-29 09:08:48,809 - DEBUG - db_manager - Opening connection to DB: C:\Users\Ariel Wagowsky\Desktop\Project leah\repo\backend\app\dbs\admin.db
2025-06-29 09:08:48,809 - DEBUG - db_manager - Executing SQL: INSERT OR IGNORE INTO user_permissions(username,permission) VALUES('test','login')
2025-06-29 09:08:48,810 - INFO - db_manager - Query executed and changes committed
2025-06-29 09:08:48,810 - DEBUG - db_manager - Database connection closed
2025-06-29 09:08:48,810 - DEBUG - db_manager - Opening connection to DB: C:\Users\Ariel Wagowsky\Desktop\Project leah\repo\backend\app\dbs\admin.db
2025-06-29 09:08:48,811 - DEBUG - db_manager - Executing SQL: INSERT OR IGNORE INTO user_permissions(username,permission) VALUES('test','select_env')
2025-06-29 09:08:48,811 - INFO - db_manager - Query executed and changes committed
2025-06-29 09:08:48,811 - DEBUG - db_manager - Database connection closed
2025-06-29 09:08:48,811 - DEBUG - db_manager - Opening connection to DB: C:\Users\Ariel Wagowsky\Desktop\Project leah\repo\backend\app\dbs\admin.db
2025-06-29 09:08:48,811 - DEBUG - db_manager - Executing SQL: INSERT OR IGNORE INTO user_permissions(username,permission) VALUES('test','view_data')
2025-06-29 09:08:48,812 - INFO - db_manager - Query executed and changes committed
2025-06-29 09:08:48,812 - DEBUG - db_manager - Database connection closed
2025-06-29 09:08:48,812 - DEBUG - db_manager - Opening connection to DB: C:\Users\Ariel Wagowsky\Desktop\Project leah\repo\backend\app\dbs\admin.db
2025-06-29 09:08:48,812 - DEBUG - db_manager - Executing SQL: INSERT OR IGNORE INTO user_permissions(username,permission) VALUES('test','apply_filters')
2025-06-29 09:08:48,812 - INFO - db_manager - Query executed and changes committed
2025-06-29 09:08:48,812 - DEBUG - db_manager - Database connection closed
2025-06-29 09:08:48,813 - DEBUG - db_manager - Opening connection to DB: C:\Users\Ariel Wagowsky\Desktop\Project leah\repo\backend\app\dbs\admin.db
2025-06-29 09:08:48,813 - DEBUG - db_manager - Executing SQL: INSERT OR IGNORE INTO user_permissions(username,permission) VALUES('test','submit_for_approval')
2025-06-29 09:08:48,813 - INFO - db_manager - Query executed and changes committed
2025-06-29 09:08:48,813 - DEBUG - db_manager - Database connection closed
2025-06-29 09:08:48,814 - INFO - db_manager - DBHandler initialized with DB path: C:\Users\Ariel Wagowsky\Desktop\Project leah\repo\backend\app\dbs\admin.db
2025-06-29 09:08:48,814 - DEBUG - db_manager - Opening connection to DB: C:\Users\Ariel Wagowsky\Desktop\Project leah\repo\backend\app\dbs\admin.db
2025-06-29 09:08:48,814 - DEBUG - db_manager - Executing SQL: 
        CREATE TABLE IF NOT EXISTS approval_requests (
            id INTEGER PRIMARY KEY AUTOINCREMENT,
            user TEXT NOT NULL,
            sql TEXT NOT NULL,
            status TEXT NOT NULL DEFAULT 'pending',
            submitted_at TEXT NOT NULL,
            approved_by TEXT
        )
    
2025-06-29 09:08:48,814 - INFO - db_manager - Query executed and changes committed
2025-06-29 09:08:48,814 - DEBUG - db_manager - Database connection closed
2025-06-29 09:08:48,815 - INFO - db_manager - DBHandler initialized with DB path: C:\Users\Ariel Wagowsky\Desktop\Project leah\repo\backend\app\dbs\admin.db
2025-06-29 09:08:48,815 - DEBUG - db_manager - Opening connection to DB: C:\Users\Ariel Wagowsky\Desktop\Project leah\repo\backend\app\dbs\admin.db
2025-06-29 09:08:48,815 - DEBUG - db_manager - Executing SQL: CREATE TABLE IF NOT EXISTS user_permissions (username TEXT, permission TEXT, PRIMARY KEY(username,permission))
2025-06-29 09:08:48,815 - INFO - db_manager - Query executed and changes committed
2025-06-29 09:08:48,815 - DEBUG - db_manager - Database connection closed
2025-06-29 09:08:48,815 - DEBUG - db_manager - Opening connection to DB: C:\Users\Ariel Wagowsky\Desktop\Project leah\repo\backend\app\dbs\admin.db
2025-06-29 09:08:48,816 - DEBUG - db_manager - Executing SQL: INSERT OR IGNORE INTO user_permissions(username,permission) VALUES('test','login')
2025-06-29 09:08:48,816 - INFO - db_manager - Query executed and changes committed
2025-06-29 09:08:48,816 - DEBUG - db_manager - Database connection closed
2025-06-29 09:08:48,816 - DEBUG - db_manager - Opening connection to DB: C:\Users\Ariel Wagowsky\Desktop\Project leah\repo\backend\app\dbs\admin.db
2025-06-29 09:08:48,816 - DEBUG - db_manager - Executing SQL: INSERT OR IGNORE INTO user_permissions(username,permission) VALUES('test','select_env')
2025-06-29 09:08:48,816 - INFO - db_manager - Query executed and changes committed
2025-06-29 09:08:48,817 - DEBUG - db_manager - Database connection closed
2025-06-29 09:08:48,817 - DEBUG - db_manager - Opening connection to DB: C:\Users\Ariel Wagowsky\Desktop\Project leah\repo\backend\app\dbs\admin.db
2025-06-29 09:08:48,817 - DEBUG - db_manager - Executing SQL: INSERT OR IGNORE INTO user_permissions(username,permission) VALUES('test','view_data')
2025-06-29 09:08:48,817 - INFO - db_manager - Query executed and changes committed
2025-06-29 09:08:48,817 - DEBUG - db_manager - Database connection closed
2025-06-29 09:08:48,817 - DEBUG - db_manager - Opening connection to DB: C:\Users\Ariel Wagowsky\Desktop\Project leah\repo\backend\app\dbs\admin.db
2025-06-29 09:08:48,817 - DEBUG - db_manager - Executing SQL: INSERT OR IGNORE INTO user_permissions(username,permission) VALUES('test','apply_filters')
2025-06-29 09:08:48,818 - INFO - db_manager - Query executed and changes committed
2025-06-29 09:08:48,818 - DEBUG - db_manager - Database connection closed
2025-06-29 09:08:48,818 - DEBUG - db_manager - Opening connection to DB: C:\Users\Ariel Wagowsky\Desktop\Project leah\repo\backend\app\dbs\admin.db
2025-06-29 09:08:48,818 - DEBUG - db_manager - Executing SQL: INSERT OR IGNORE INTO user_permissions(username,permission) VALUES('test','submit_for_approval')
2025-06-29 09:08:48,818 - INFO - db_manager - Query executed and changes committed
2025-06-29 09:08:48,818 - DEBUG - db_manager - Database connection closed
2025-06-29 09:08:48,819 - INFO - db_manager - DBHandler initialized with DB path: C:\Users\Ariel Wagowsky\Desktop\Project leah\repo\backend\app\dbs\admin.db
2025-06-29 09:08:48,819 - DEBUG - db_manager - Opening connection to DB: C:\Users\Ariel Wagowsky\Desktop\Project leah\repo\backend\app\dbs\admin.db
2025-06-29 09:08:48,819 - DEBUG - db_manager - Executing SQL: 
        CREATE TABLE IF NOT EXISTS approval_requests (
            id INTEGER PRIMARY KEY AUTOINCREMENT,
            user TEXT NOT NULL,
            sql TEXT NOT NULL,
            status TEXT NOT NULL DEFAULT 'pending',
            submitted_at TEXT NOT NULL,
            approved_by TEXT
        )
    
2025-06-29 09:08:48,819 - INFO - db_manager - Query executed and changes committed
2025-06-29 09:08:48,819 - DEBUG - db_manager - Database connection closed
