2025-06-29 09:11:07,371 - INFO - db_manager - Logger started, file: C:\Users\Ariel Wagowsky\Desktop\Project leah\repo\backend\log\log_files\db_manager_20250629_091107.log
2025-06-29 09:11:07,389 - INFO - db_manager - DBHandler initialized with DB path: C:\Users\Ariel Wagowsky\Desktop\Project leah\repo\backend\app\dbs\admin.db
2025-06-29 09:11:07,389 - DEBUG - db_manager - Opening connection to DB: C:\Users\Ariel Wagowsky\Desktop\Project leah\repo\backend\app\dbs\admin.db
2025-06-29 09:11:07,390 - DEBUG - db_manager - Executing SQL: CREATE TABLE IF NOT EXISTS user_permissions (username TEXT, permission TEXT, PRIMARY KEY(username,permission))
2025-06-29 09:11:07,391 - INFO - db_manager - Query executed and changes committed
2025-06-29 09:11:07,391 - DEBUG - db_manager - Database connection closed
2025-06-29 09:11:07,391 - DEBUG - db_manager - Opening connection to DB: C:\Users\Ariel Wagowsky\Desktop\Project leah\repo\backend\app\dbs\admin.db
2025-06-29 09:11:07,391 - DEBUG - db_manager - Executing SQL: INSERT OR IGNORE INTO user_permissions(username,permission) VALUES('test','login')
2025-06-29 09:11:07,391 - INFO - db_manager - Query executed and changes committed
2025-06-29 09:11:07,391 - DEBUG - db_manager - Database connection closed
2025-06-29 09:11:07,391 - DEBUG - db_manager - Opening connection to DB: C:\Users\Ariel Wagowsky\Desktop\Project leah\repo\backend\app\dbs\admin.db
2025-06-29 09:11:07,392 - DEBUG - db_manager - Executing SQL: INSERT OR IGNORE INTO user_permissions(username,permission) VALUES('test','select_env')
2025-06-29 09:11:07,392 - INFO - db_manager - Query executed and changes committed
2025-06-29 09:11:07,392 - DEBUG - db_manager - Database connection closed
2025-06-29 09:11:07,392 - DEBUG - db_manager - Opening connection to DB: C:\Users\Ariel Wagowsky\Desktop\Project leah\repo\backend\app\dbs\admin.db
2025-06-29 09:11:07,392 - DEBUG - db_manager - Executing SQL: INSERT OR IGNORE INTO user_permissions(username,permission) VALUES('test','view_data')
2025-06-29 09:11:07,393 - INFO - db_manager - Query executed and changes committed
2025-06-29 09:11:07,393 - DEBUG - db_manager - Database connection closed
2025-06-29 09:11:07,393 - DEBUG - db_manager - Opening connection to DB: C:\Users\Ariel Wagowsky\Desktop\Project leah\repo\backend\app\dbs\admin.db
2025-06-29 09:11:07,393 - DEBUG - db_manager - Executing SQL: INSERT OR IGNORE INTO user_permissions(username,permission) VALUES('test','apply_filters')
2025-06-29 09:11:07,394 - INFO - db_manager - Query executed and changes committed
2025-06-29 09:11:07,394 - DEBUG - db_manager - Database connection closed
2025-06-29 09:11:07,394 - DEBUG - db_manager - Opening connection to DB: C:\Users\Ariel Wagowsky\Desktop\Project leah\repo\backend\app\dbs\admin.db
2025-06-29 09:11:07,394 - DEBUG - db_manager - Executing SQL: INSERT OR IGNORE INTO user_permissions(username,permission) VALUES('test','submit_for_approval')
2025-06-29 09:11:07,394 - INFO - db_manager - Query executed and changes committed
2025-06-29 09:11:07,394 - DEBUG - db_manager - Database connection closed
2025-06-29 09:11:07,395 - INFO - db_manager - DBHandler initialized with DB path: C:\Users\Ariel Wagowsky\Desktop\Project leah\repo\backend\app\dbs\admin.db
2025-06-29 09:11:07,395 - DEBUG - db_manager - Opening connection to DB: C:\Users\Ariel Wagowsky\Desktop\Project leah\repo\backend\app\dbs\admin.db
2025-06-29 09:11:07,395 - DEBUG - db_manager - Executing SQL: 
        CREATE TABLE IF NOT EXISTS approval_requests (
            id INTEGER PRIMARY KEY AUTOINCREMENT,
            user TEXT NOT NULL,
            sql TEXT NOT NULL,
            status TEXT NOT NULL DEFAULT 'pending',
            submitted_at TEXT NOT NULL,
            approved_by TEXT
        )
    
2025-06-29 09:11:07,395 - INFO - db_manager - Query executed and changes committed
2025-06-29 09:11:07,395 - DEBUG - db_manager - Database connection closed
2025-06-29 09:11:07,395 - INFO - db_manager - DBHandler initialized with DB path: C:\Users\Ariel Wagowsky\Desktop\Project leah\repo\backend\app\dbs\admin.db
2025-06-29 09:11:07,397 - DEBUG - db_manager - Opening connection to DB: C:\Users\Ariel Wagowsky\Desktop\Project leah\repo\backend\app\dbs\admin.db
2025-06-29 09:11:07,397 - DEBUG - db_manager - Executing SQL: CREATE TABLE IF NOT EXISTS user_permissions (username TEXT, permission TEXT, PRIMARY KEY(username,permission))
2025-06-29 09:11:07,397 - INFO - db_manager - Query executed and changes committed
2025-06-29 09:11:07,397 - DEBUG - db_manager - Database connection closed
2025-06-29 09:11:07,397 - DEBUG - db_manager - Opening connection to DB: C:\Users\Ariel Wagowsky\Desktop\Project leah\repo\backend\app\dbs\admin.db
2025-06-29 09:11:07,397 - DEBUG - db_manager - Executing SQL: INSERT OR IGNORE INTO user_permissions(username,permission) VALUES('test','login')
2025-06-29 09:11:07,398 - INFO - db_manager - Query executed and changes committed
2025-06-29 09:11:07,398 - DEBUG - db_manager - Database connection closed
2025-06-29 09:11:07,398 - DEBUG - db_manager - Opening connection to DB: C:\Users\Ariel Wagowsky\Desktop\Project leah\repo\backend\app\dbs\admin.db
2025-06-29 09:11:07,398 - DEBUG - db_manager - Executing SQL: INSERT OR IGNORE INTO user_permissions(username,permission) VALUES('test','select_env')
2025-06-29 09:11:07,398 - INFO - db_manager - Query executed and changes committed
2025-06-29 09:11:07,398 - DEBUG - db_manager - Database connection closed
2025-06-29 09:11:07,398 - DEBUG - db_manager - Opening connection to DB: C:\Users\Ariel Wagowsky\Desktop\Project leah\repo\backend\app\dbs\admin.db
2025-06-29 09:11:07,398 - DEBUG - db_manager - Executing SQL: INSERT OR IGNORE INTO user_permissions(username,permission) VALUES('test','view_data')
2025-06-29 09:11:07,399 - INFO - db_manager - Query executed and changes committed
2025-06-29 09:11:07,399 - DEBUG - db_manager - Database connection closed
2025-06-29 09:11:07,399 - DEBUG - db_manager - Opening connection to DB: C:\Users\Ariel Wagowsky\Desktop\Project leah\repo\backend\app\dbs\admin.db
2025-06-29 09:11:07,399 - DEBUG - db_manager - Executing SQL: INSERT OR IGNORE INTO user_permissions(username,permission) VALUES('test','apply_filters')
2025-06-29 09:11:07,399 - INFO - db_manager - Query executed and changes committed
2025-06-29 09:11:07,399 - DEBUG - db_manager - Database connection closed
2025-06-29 09:11:07,399 - DEBUG - db_manager - Opening connection to DB: C:\Users\Ariel Wagowsky\Desktop\Project leah\repo\backend\app\dbs\admin.db
2025-06-29 09:11:07,400 - DEBUG - db_manager - Executing SQL: INSERT OR IGNORE INTO user_permissions(username,permission) VALUES('test','submit_for_approval')
2025-06-29 09:11:07,400 - INFO - db_manager - Query executed and changes committed
2025-06-29 09:11:07,400 - DEBUG - db_manager - Database connection closed
2025-06-29 09:11:07,401 - INFO - db_manager - DBHandler initialized with DB path: C:\Users\Ariel Wagowsky\Desktop\Project leah\repo\backend\app\dbs\admin.db
2025-06-29 09:11:07,401 - DEBUG - db_manager - Opening connection to DB: C:\Users\Ariel Wagowsky\Desktop\Project leah\repo\backend\app\dbs\admin.db
2025-06-29 09:11:07,401 - DEBUG - db_manager - Executing SQL: 
        CREATE TABLE IF NOT EXISTS approval_requests (
            id INTEGER PRIMARY KEY AUTOINCREMENT,
            user TEXT NOT NULL,
            sql TEXT NOT NULL,
            status TEXT NOT NULL DEFAULT 'pending',
            submitted_at TEXT NOT NULL,
            approved_by TEXT
        )
    
2025-06-29 09:11:07,401 - INFO - db_manager - Query executed and changes committed
2025-06-29 09:11:07,401 - DEBUG - db_manager - Database connection closed
