2025-06-29 08:57:16,984 - INFO - db_manager - Logger started, file: C:\Users\Ariel Wagowsky\Desktop\Project leah\repo\backend\log\log_files\db_manager_20250629_085716.log
2025-06-29 08:57:17,002 - INFO - db_manager - DBHandler initialized with DB path: C:\Users\Ariel Wagowsky\Desktop\Project leah\repo\backend\app\dbs\admin.db
2025-06-29 08:57:17,002 - DEBUG - db_manager - Opening connection to DB: C:\Users\Ariel Wagowsky\Desktop\Project leah\repo\backend\app\dbs\admin.db
2025-06-29 08:57:17,003 - DEBUG - db_manager - Executing SQL: CREATE TABLE IF NOT EXISTS user_permissions (username TEXT, permission TEXT, PRIMARY KEY(username,permission))
2025-06-29 08:57:17,003 - INFO - db_manager - Query executed and changes committed
2025-06-29 08:57:17,003 - DEBUG - db_manager - Database connection closed
2025-06-29 08:57:17,003 - DEBUG - db_manager - Opening connection to DB: C:\Users\Ariel Wagowsky\Desktop\Project leah\repo\backend\app\dbs\admin.db
2025-06-29 08:57:17,004 - DEBUG - db_manager - Executing SQL: INSERT OR IGNORE INTO user_permissions(username,permission) VALUES('test','login')
2025-06-29 08:57:17,005 - INFO - db_manager - Query executed and changes committed
2025-06-29 08:57:17,005 - DEBUG - db_manager - Database connection closed
2025-06-29 08:57:17,005 - DEBUG - db_manager - Opening connection to DB: C:\Users\Ariel Wagowsky\Desktop\Project leah\repo\backend\app\dbs\admin.db
2025-06-29 08:57:17,005 - DEBUG - db_manager - Executing SQL: INSERT OR IGNORE INTO user_permissions(username,permission) VALUES('test','select_env')
2025-06-29 08:57:17,005 - INFO - db_manager - Query executed and changes committed
2025-06-29 08:57:17,005 - DEBUG - db_manager - Database connection closed
2025-06-29 08:57:17,006 - DEBUG - db_manager - Opening connection to DB: C:\Users\Ariel Wagowsky\Desktop\Project leah\repo\backend\app\dbs\admin.db
2025-06-29 08:57:17,006 - DEBUG - db_manager - Executing SQL: INSERT OR IGNORE INTO user_permissions(username,permission) VALUES('test','view_data')
2025-06-29 08:57:17,006 - INFO - db_manager - Query executed and changes committed
2025-06-29 08:57:17,006 - DEBUG - db_manager - Database connection closed
2025-06-29 08:57:17,006 - DEBUG - db_manager - Opening connection to DB: C:\Users\Ariel Wagowsky\Desktop\Project leah\repo\backend\app\dbs\admin.db
2025-06-29 08:57:17,007 - DEBUG - db_manager - Executing SQL: INSERT OR IGNORE INTO user_permissions(username,permission) VALUES('test','apply_filters')
2025-06-29 08:57:17,007 - INFO - db_manager - Query executed and changes committed
2025-06-29 08:57:17,007 - DEBUG - db_manager - Database connection closed
2025-06-29 08:57:17,007 - DEBUG - db_manager - Opening connection to DB: C:\Users\Ariel Wagowsky\Desktop\Project leah\repo\backend\app\dbs\admin.db
2025-06-29 08:57:17,007 - DEBUG - db_manager - Executing SQL: INSERT OR IGNORE INTO user_permissions(username,permission) VALUES('test','submit_for_approval')
2025-06-29 08:57:17,008 - INFO - db_manager - Query executed and changes committed
2025-06-29 08:57:17,008 - DEBUG - db_manager - Database connection closed
2025-06-29 08:57:17,008 - INFO - db_manager - DBHandler initialized with DB path: C:\Users\Ariel Wagowsky\Desktop\Project leah\repo\backend\app\dbs\admin.db
2025-06-29 08:57:17,008 - DEBUG - db_manager - Opening connection to DB: C:\Users\Ariel Wagowsky\Desktop\Project leah\repo\backend\app\dbs\admin.db
2025-06-29 08:57:17,008 - DEBUG - db_manager - Executing SQL: 
        CREATE TABLE IF NOT EXISTS approval_requests (
            id INTEGER PRIMARY KEY AUTOINCREMENT,
            user TEXT NOT NULL,
            sql TEXT NOT NULL,
            status TEXT NOT NULL DEFAULT 'pending',
            submitted_at TEXT NOT NULL,
            approved_by TEXT
        )
    
2025-06-29 08:57:17,009 - INFO - db_manager - Query executed and changes committed
2025-06-29 08:57:17,009 - DEBUG - db_manager - Database connection closed
2025-06-29 08:57:17,009 - INFO - db_manager - DBHandler initialized with DB path: C:\Users\Ariel Wagowsky\Desktop\Project leah\repo\backend\app\dbs\admin.db
2025-06-29 08:57:17,009 - DEBUG - db_manager - Opening connection to DB: C:\Users\Ariel Wagowsky\Desktop\Project leah\repo\backend\app\dbs\admin.db
2025-06-29 08:57:17,009 - DEBUG - db_manager - Executing SQL: CREATE TABLE IF NOT EXISTS user_permissions (username TEXT, permission TEXT, PRIMARY KEY(username,permission))
2025-06-29 08:57:17,009 - INFO - db_manager - Query executed and changes committed
2025-06-29 08:57:17,009 - DEBUG - db_manager - Database connection closed
2025-06-29 08:57:17,009 - DEBUG - db_manager - Opening connection to DB: C:\Users\Ariel Wagowsky\Desktop\Project leah\repo\backend\app\dbs\admin.db
2025-06-29 08:57:17,009 - DEBUG - db_manager - Executing SQL: INSERT OR IGNORE INTO user_permissions(username,permission) VALUES('test','login')
2025-06-29 08:57:17,010 - INFO - db_manager - Query executed and changes committed
2025-06-29 08:57:17,010 - DEBUG - db_manager - Database connection closed
2025-06-29 08:57:17,010 - DEBUG - db_manager - Opening connection to DB: C:\Users\Ariel Wagowsky\Desktop\Project leah\repo\backend\app\dbs\admin.db
2025-06-29 08:57:17,010 - DEBUG - db_manager - Executing SQL: INSERT OR IGNORE INTO user_permissions(username,permission) VALUES('test','select_env')
2025-06-29 08:57:17,010 - INFO - db_manager - Query executed and changes committed
2025-06-29 08:57:17,010 - DEBUG - db_manager - Database connection closed
2025-06-29 08:57:17,010 - DEBUG - db_manager - Opening connection to DB: C:\Users\Ariel Wagowsky\Desktop\Project leah\repo\backend\app\dbs\admin.db
2025-06-29 08:57:17,010 - DEBUG - db_manager - Executing SQL: INSERT OR IGNORE INTO user_permissions(username,permission) VALUES('test','view_data')
2025-06-29 08:57:17,010 - INFO - db_manager - Query executed and changes committed
2025-06-29 08:57:17,012 - DEBUG - db_manager - Database connection closed
2025-06-29 08:57:17,012 - DEBUG - db_manager - Opening connection to DB: C:\Users\Ariel Wagowsky\Desktop\Project leah\repo\backend\app\dbs\admin.db
2025-06-29 08:57:17,012 - DEBUG - db_manager - Executing SQL: INSERT OR IGNORE INTO user_permissions(username,permission) VALUES('test','apply_filters')
2025-06-29 08:57:17,012 - INFO - db_manager - Query executed and changes committed
2025-06-29 08:57:17,012 - DEBUG - db_manager - Database connection closed
2025-06-29 08:57:17,012 - DEBUG - db_manager - Opening connection to DB: C:\Users\Ariel Wagowsky\Desktop\Project leah\repo\backend\app\dbs\admin.db
2025-06-29 08:57:17,012 - DEBUG - db_manager - Executing SQL: INSERT OR IGNORE INTO user_permissions(username,permission) VALUES('test','submit_for_approval')
2025-06-29 08:57:17,013 - INFO - db_manager - Query executed and changes committed
2025-06-29 08:57:17,013 - DEBUG - db_manager - Database connection closed
2025-06-29 08:57:17,013 - INFO - db_manager - DBHandler initialized with DB path: C:\Users\Ariel Wagowsky\Desktop\Project leah\repo\backend\app\dbs\admin.db
2025-06-29 08:57:17,013 - DEBUG - db_manager - Opening connection to DB: C:\Users\Ariel Wagowsky\Desktop\Project leah\repo\backend\app\dbs\admin.db
2025-06-29 08:57:17,013 - DEBUG - db_manager - Executing SQL: 
        CREATE TABLE IF NOT EXISTS approval_requests (
            id INTEGER PRIMARY KEY AUTOINCREMENT,
            user TEXT NOT NULL,
            sql TEXT NOT NULL,
            status TEXT NOT NULL DEFAULT 'pending',
            submitted_at TEXT NOT NULL,
            approved_by TEXT
        )
    
2025-06-29 08:57:17,013 - INFO - db_manager - Query executed and changes committed
2025-06-29 08:57:17,013 - DEBUG - db_manager - Database connection closed
