2025-06-29 09:12:38,474 - INFO - db_manager - Logger started, file: C:\Users\Ariel Wagowsky\Desktop\Project leah\repo\backend\log\log_files\db_manager_20250629_091238.log
2025-06-29 09:12:38,490 - INFO - db_manager - DBHandler initialized with DB path: C:\Users\Ariel Wagowsky\Desktop\Project leah\repo\backend\app\dbs\admin.db
2025-06-29 09:12:38,491 - DEBUG - db_manager - Opening connection to DB: C:\Users\Ariel Wagowsky\Desktop\Project leah\repo\backend\app\dbs\admin.db
2025-06-29 09:12:38,491 - DEBUG - db_manager - Executing SQL: CREATE TABLE IF NOT EXISTS user_permissions (username TEXT, permission TEXT, PRIMARY KEY(username,permission))
2025-06-29 09:12:38,502 - INFO - db_manager - Query executed and changes committed
2025-06-29 09:12:38,502 - DEBUG - db_manager - Database connection closed
2025-06-29 09:12:38,502 - DEBUG - db_manager - Opening connection to DB: C:\Users\Ariel Wagowsky\Desktop\Project leah\repo\backend\app\dbs\admin.db
2025-06-29 09:12:38,503 - DEBUG - db_manager - Executing SQL: INSERT OR IGNORE INTO user_permissions(username,permission) VALUES('test','login')
2025-06-29 09:12:38,503 - INFO - db_manager - Query executed and changes committed
2025-06-29 09:12:38,503 - DEBUG - db_manager - Database connection closed
2025-06-29 09:12:38,503 - DEBUG - db_manager - Opening connection to DB: C:\Users\Ariel Wagowsky\Desktop\Project leah\repo\backend\app\dbs\admin.db
2025-06-29 09:12:38,503 - DEBUG - db_manager - Executing SQL: INSERT OR IGNORE INTO user_permissions(username,permission) VALUES('test','select_env')
2025-06-29 09:12:38,503 - INFO - db_manager - Query executed and changes committed
2025-06-29 09:12:38,503 - DEBUG - db_manager - Database connection closed
2025-06-29 09:12:38,504 - DEBUG - db_manager - Opening connection to DB: C:\Users\Ariel Wagowsky\Desktop\Project leah\repo\backend\app\dbs\admin.db
2025-06-29 09:12:38,504 - DEBUG - db_manager - Executing SQL: INSERT OR IGNORE INTO user_permissions(username,permission) VALUES('test','view_data')
2025-06-29 09:12:38,504 - INFO - db_manager - Query executed and changes committed
2025-06-29 09:12:38,504 - DEBUG - db_manager - Database connection closed
2025-06-29 09:12:38,504 - DEBUG - db_manager - Opening connection to DB: C:\Users\Ariel Wagowsky\Desktop\Project leah\repo\backend\app\dbs\admin.db
2025-06-29 09:12:38,504 - DEBUG - db_manager - Executing SQL: INSERT OR IGNORE INTO user_permissions(username,permission) VALUES('test','apply_filters')
2025-06-29 09:12:38,506 - INFO - db_manager - Query executed and changes committed
2025-06-29 09:12:38,506 - DEBUG - db_manager - Database connection closed
2025-06-29 09:12:38,506 - DEBUG - db_manager - Opening connection to DB: C:\Users\Ariel Wagowsky\Desktop\Project leah\repo\backend\app\dbs\admin.db
2025-06-29 09:12:38,506 - DEBUG - db_manager - Executing SQL: INSERT OR IGNORE INTO user_permissions(username,permission) VALUES('test','submit_for_approval')
2025-06-29 09:12:38,506 - INFO - db_manager - Query executed and changes committed
2025-06-29 09:12:38,506 - DEBUG - db_manager - Database connection closed
2025-06-29 09:12:38,506 - INFO - db_manager - DBHandler initialized with DB path: C:\Users\Ariel Wagowsky\Desktop\Project leah\repo\backend\app\dbs\admin.db
2025-06-29 09:12:38,507 - DEBUG - db_manager - Opening connection to DB: C:\Users\Ariel Wagowsky\Desktop\Project leah\repo\backend\app\dbs\admin.db
2025-06-29 09:12:38,507 - DEBUG - db_manager - Executing SQL: 
        CREATE TABLE IF NOT EXISTS approval_requests (
            id INTEGER PRIMARY KEY AUTOINCREMENT,
            user TEXT NOT NULL,
            sql TEXT NOT NULL,
            status TEXT NOT NULL DEFAULT 'pending',
            submitted_at TEXT NOT NULL,
            approved_by TEXT
        )
    
2025-06-29 09:12:38,507 - INFO - db_manager - Query executed and changes committed
2025-06-29 09:12:38,507 - DEBUG - db_manager - Database connection closed
2025-06-29 09:12:38,507 - INFO - db_manager - DBHandler initialized with DB path: C:\Users\Ariel Wagowsky\Desktop\Project leah\repo\backend\app\dbs\admin.db
2025-06-29 09:12:38,508 - DEBUG - db_manager - Opening connection to DB: C:\Users\Ariel Wagowsky\Desktop\Project leah\repo\backend\app\dbs\admin.db
2025-06-29 09:12:38,508 - DEBUG - db_manager - Executing SQL: CREATE TABLE IF NOT EXISTS user_permissions (username TEXT, permission TEXT, PRIMARY KEY(username,permission))
2025-06-29 09:12:38,508 - INFO - db_manager - Query executed and changes committed
2025-06-29 09:12:38,508 - DEBUG - db_manager - Database connection closed
2025-06-29 09:12:38,508 - DEBUG - db_manager - Opening connection to DB: C:\Users\Ariel Wagowsky\Desktop\Project leah\repo\backend\app\dbs\admin.db
2025-06-29 09:12:38,508 - DEBUG - db_manager - Executing SQL: INSERT OR IGNORE INTO user_permissions(username,permission) VALUES('test','login')
2025-06-29 09:12:38,509 - INFO - db_manager - Query executed and changes committed
2025-06-29 09:12:38,509 - DEBUG - db_manager - Database connection closed
2025-06-29 09:12:38,509 - DEBUG - db_manager - Opening connection to DB: C:\Users\Ariel Wagowsky\Desktop\Project leah\repo\backend\app\dbs\admin.db
2025-06-29 09:12:38,509 - DEBUG - db_manager - Executing SQL: INSERT OR IGNORE INTO user_permissions(username,permission) VALUES('test','select_env')
2025-06-29 09:12:38,510 - INFO - db_manager - Query executed and changes committed
2025-06-29 09:12:38,510 - DEBUG - db_manager - Database connection closed
2025-06-29 09:12:38,510 - DEBUG - db_manager - Opening connection to DB: C:\Users\Ariel Wagowsky\Desktop\Project leah\repo\backend\app\dbs\admin.db
2025-06-29 09:12:38,510 - DEBUG - db_manager - Executing SQL: INSERT OR IGNORE INTO user_permissions(username,permission) VALUES('test','view_data')
2025-06-29 09:12:38,510 - INFO - db_manager - Query executed and changes committed
2025-06-29 09:12:38,510 - DEBUG - db_manager - Database connection closed
2025-06-29 09:12:38,510 - DEBUG - db_manager - Opening connection to DB: C:\Users\Ariel Wagowsky\Desktop\Project leah\repo\backend\app\dbs\admin.db
2025-06-29 09:12:38,510 - DEBUG - db_manager - Executing SQL: INSERT OR IGNORE INTO user_permissions(username,permission) VALUES('test','apply_filters')
2025-06-29 09:12:38,512 - INFO - db_manager - Query executed and changes committed
2025-06-29 09:12:38,512 - DEBUG - db_manager - Database connection closed
2025-06-29 09:12:38,512 - DEBUG - db_manager - Opening connection to DB: C:\Users\Ariel Wagowsky\Desktop\Project leah\repo\backend\app\dbs\admin.db
2025-06-29 09:12:38,512 - DEBUG - db_manager - Executing SQL: INSERT OR IGNORE INTO user_permissions(username,permission) VALUES('test','submit_for_approval')
2025-06-29 09:12:38,512 - INFO - db_manager - Query executed and changes committed
2025-06-29 09:12:38,512 - DEBUG - db_manager - Database connection closed
2025-06-29 09:12:38,512 - INFO - db_manager - DBHandler initialized with DB path: C:\Users\Ariel Wagowsky\Desktop\Project leah\repo\backend\app\dbs\admin.db
2025-06-29 09:12:38,512 - DEBUG - db_manager - Opening connection to DB: C:\Users\Ariel Wagowsky\Desktop\Project leah\repo\backend\app\dbs\admin.db
2025-06-29 09:12:38,513 - DEBUG - db_manager - Executing SQL: 
        CREATE TABLE IF NOT EXISTS approval_requests (
            id INTEGER PRIMARY KEY AUTOINCREMENT,
            user TEXT NOT NULL,
            sql TEXT NOT NULL,
            status TEXT NOT NULL DEFAULT 'pending',
            submitted_at TEXT NOT NULL,
            approved_by TEXT
        )
    
2025-06-29 09:12:38,513 - INFO - db_manager - Query executed and changes committed
2025-06-29 09:12:38,513 - DEBUG - db_manager - Database connection closed
