2025-06-29 08:59:35,677 - INFO - db_manager - Logger started, file: C:\Users\Ariel Wagowsky\Desktop\Project leah\repo\backend\log\log_files\db_manager_20250629_085935.log
2025-06-29 08:59:35,704 - INFO - db_manager - DBHandler initialized with DB path: C:\Users\Ariel Wagowsky\Desktop\Project leah\repo\backend\app\dbs\admin.db
2025-06-29 08:59:35,704 - DEBUG - db_manager - Opening connection to DB: C:\Users\Ariel Wagowsky\Desktop\Project leah\repo\backend\app\dbs\admin.db
2025-06-29 08:59:35,704 - DEBUG - db_manager - Executing SQL: CREATE TABLE IF NOT EXISTS user_permissions (username TEXT, permission TEXT, PRIMARY KEY(username,permission))
2025-06-29 08:59:35,709 - INFO - db_manager - Query executed and changes committed
2025-06-29 08:59:35,709 - DEBUG - db_manager - Database connection closed
2025-06-29 08:59:35,709 - DEBUG - db_manager - Opening connection to DB: C:\Users\Ariel Wagowsky\Desktop\Project leah\repo\backend\app\dbs\admin.db
2025-06-29 08:59:35,710 - DEBUG - db_manager - Executing SQL: INSERT OR IGNORE INTO user_permissions(username,permission) VALUES('test','login')
2025-06-29 08:59:35,710 - INFO - db_manager - Query executed and changes committed
2025-06-29 08:59:35,710 - DEBUG - db_manager - Database connection closed
2025-06-29 08:59:35,710 - DEBUG - db_manager - Opening connection to DB: C:\Users\Ariel Wagowsky\Desktop\Project leah\repo\backend\app\dbs\admin.db
2025-06-29 08:59:35,710 - DEBUG - db_manager - Executing SQL: INSERT OR IGNORE INTO user_permissions(username,permission) VALUES('test','select_env')
2025-06-29 08:59:35,711 - INFO - db_manager - Query executed and changes committed
2025-06-29 08:59:35,711 - DEBUG - db_manager - Database connection closed
2025-06-29 08:59:35,711 - DEBUG - db_manager - Opening connection to DB: C:\Users\Ariel Wagowsky\Desktop\Project leah\repo\backend\app\dbs\admin.db
2025-06-29 08:59:35,711 - DEBUG - db_manager - Executing SQL: INSERT OR IGNORE INTO user_permissions(username,permission) VALUES('test','view_data')
2025-06-29 08:59:35,711 - INFO - db_manager - Query executed and changes committed
2025-06-29 08:59:35,712 - DEBUG - db_manager - Database connection closed
2025-06-29 08:59:35,712 - DEBUG - db_manager - Opening connection to DB: C:\Users\Ariel Wagowsky\Desktop\Project leah\repo\backend\app\dbs\admin.db
2025-06-29 08:59:35,712 - DEBUG - db_manager - Executing SQL: INSERT OR IGNORE INTO user_permissions(username,permission) VALUES('test','apply_filters')
2025-06-29 08:59:35,712 - INFO - db_manager - Query executed and changes committed
2025-06-29 08:59:35,712 - DEBUG - db_manager - Database connection closed
2025-06-29 08:59:35,712 - DEBUG - db_manager - Opening connection to DB: C:\Users\Ariel Wagowsky\Desktop\Project leah\repo\backend\app\dbs\admin.db
2025-06-29 08:59:35,712 - DEBUG - db_manager - Executing SQL: INSERT OR IGNORE INTO user_permissions(username,permission) VALUES('test','submit_for_approval')
2025-06-29 08:59:35,713 - INFO - db_manager - Query executed and changes committed
2025-06-29 08:59:35,713 - DEBUG - db_manager - Database connection closed
2025-06-29 08:59:35,713 - INFO - db_manager - DBHandler initialized with DB path: C:\Users\Ariel Wagowsky\Desktop\Project leah\repo\backend\app\dbs\admin.db
2025-06-29 08:59:35,713 - DEBUG - db_manager - Opening connection to DB: C:\Users\Ariel Wagowsky\Desktop\Project leah\repo\backend\app\dbs\admin.db
2025-06-29 08:59:35,714 - DEBUG - db_manager - Executing SQL: 
        CREATE TABLE IF NOT EXISTS approval_requests (
            id INTEGER PRIMARY KEY AUTOINCREMENT,
            user TEXT NOT NULL,
            sql TEXT NOT NULL,
            status TEXT NOT NULL DEFAULT 'pending',
            submitted_at TEXT NOT NULL,
            approved_by TEXT
        )
    
2025-06-29 08:59:35,714 - INFO - db_manager - Query executed and changes committed
2025-06-29 08:59:35,714 - DEBUG - db_manager - Database connection closed
2025-06-29 08:59:35,714 - INFO - db_manager - DBHandler initialized with DB path: C:\Users\Ariel Wagowsky\Desktop\Project leah\repo\backend\app\dbs\admin.db
2025-06-29 08:59:35,715 - DEBUG - db_manager - Opening connection to DB: C:\Users\Ariel Wagowsky\Desktop\Project leah\repo\backend\app\dbs\admin.db
2025-06-29 08:59:35,715 - DEBUG - db_manager - Executing SQL: CREATE TABLE IF NOT EXISTS user_permissions (username TEXT, permission TEXT, PRIMARY KEY(username,permission))
2025-06-29 08:59:35,715 - INFO - db_manager - Query executed and changes committed
2025-06-29 08:59:35,715 - DEBUG - db_manager - Database connection closed
2025-06-29 08:59:35,715 - DEBUG - db_manager - Opening connection to DB: C:\Users\Ariel Wagowsky\Desktop\Project leah\repo\backend\app\dbs\admin.db
2025-06-29 08:59:35,715 - DEBUG - db_manager - Executing SQL: INSERT OR IGNORE INTO user_permissions(username,permission) VALUES('test','login')
2025-06-29 08:59:35,717 - INFO - db_manager - Query executed and changes committed
2025-06-29 08:59:35,717 - DEBUG - db_manager - Database connection closed
2025-06-29 08:59:35,717 - DEBUG - db_manager - Opening connection to DB: C:\Users\Ariel Wagowsky\Desktop\Project leah\repo\backend\app\dbs\admin.db
2025-06-29 08:59:35,717 - DEBUG - db_manager - Executing SQL: INSERT OR IGNORE INTO user_permissions(username,permission) VALUES('test','select_env')
2025-06-29 08:59:35,717 - INFO - db_manager - Query executed and changes committed
2025-06-29 08:59:35,717 - DEBUG - db_manager - Database connection closed
2025-06-29 08:59:35,717 - DEBUG - db_manager - Opening connection to DB: C:\Users\Ariel Wagowsky\Desktop\Project leah\repo\backend\app\dbs\admin.db
2025-06-29 08:59:35,717 - DEBUG - db_manager - Executing SQL: INSERT OR IGNORE INTO user_permissions(username,permission) VALUES('test','view_data')
2025-06-29 08:59:35,718 - INFO - db_manager - Query executed and changes committed
2025-06-29 08:59:35,718 - DEBUG - db_manager - Database connection closed
2025-06-29 08:59:35,718 - DEBUG - db_manager - Opening connection to DB: C:\Users\Ariel Wagowsky\Desktop\Project leah\repo\backend\app\dbs\admin.db
2025-06-29 08:59:35,718 - DEBUG - db_manager - Executing SQL: INSERT OR IGNORE INTO user_permissions(username,permission) VALUES('test','apply_filters')
2025-06-29 08:59:35,718 - INFO - db_manager - Query executed and changes committed
2025-06-29 08:59:35,719 - DEBUG - db_manager - Database connection closed
2025-06-29 08:59:35,719 - DEBUG - db_manager - Opening connection to DB: C:\Users\Ariel Wagowsky\Desktop\Project leah\repo\backend\app\dbs\admin.db
2025-06-29 08:59:35,719 - DEBUG - db_manager - Executing SQL: INSERT OR IGNORE INTO user_permissions(username,permission) VALUES('test','submit_for_approval')
2025-06-29 08:59:35,719 - INFO - db_manager - Query executed and changes committed
2025-06-29 08:59:35,719 - DEBUG - db_manager - Database connection closed
2025-06-29 08:59:35,719 - INFO - db_manager - DBHandler initialized with DB path: C:\Users\Ariel Wagowsky\Desktop\Project leah\repo\backend\app\dbs\admin.db
2025-06-29 08:59:35,719 - DEBUG - db_manager - Opening connection to DB: C:\Users\Ariel Wagowsky\Desktop\Project leah\repo\backend\app\dbs\admin.db
2025-06-29 08:59:35,720 - DEBUG - db_manager - Executing SQL: 
        CREATE TABLE IF NOT EXISTS approval_requests (
            id INTEGER PRIMARY KEY AUTOINCREMENT,
            user TEXT NOT NULL,
            sql TEXT NOT NULL,
            status TEXT NOT NULL DEFAULT 'pending',
            submitted_at TEXT NOT NULL,
            approved_by TEXT
        )
    
2025-06-29 08:59:35,720 - INFO - db_manager - Query executed and changes committed
2025-06-29 08:59:35,720 - DEBUG - db_manager - Database connection closed
