2025-06-29 09:05:35,087 - INFO - db_manager - Logger started, file: C:\Users\Ariel Wagowsky\Desktop\Project leah\repo\backend\log\log_files\db_manager_20250629_090535.log
2025-06-29 09:05:35,120 - INFO - db_manager - DBHandler initialized with DB path: C:\Users\Ariel Wagowsky\Desktop\Project leah\repo\backend\app\dbs\admin.db
2025-06-29 09:05:35,121 - DEBUG - db_manager - Opening connection to DB: C:\Users\Ariel Wagowsky\Desktop\Project leah\repo\backend\app\dbs\admin.db
2025-06-29 09:05:35,121 - DEBUG - db_manager - Executing SQL: CREATE TABLE IF NOT EXISTS user_permissions (username TEXT, permission TEXT, PRIMARY KEY(username,permission))
2025-06-29 09:05:35,125 - INFO - db_manager - Query executed and changes committed
2025-06-29 09:05:35,125 - DEBUG - db_manager - Database connection closed
2025-06-29 09:05:35,125 - DEBUG - db_manager - Opening connection to DB: C:\Users\Ariel Wagowsky\Desktop\Project leah\repo\backend\app\dbs\admin.db
2025-06-29 09:05:35,125 - DEBUG - db_manager - Executing SQL: INSERT OR IGNORE INTO user_permissions(username,permission) VALUES('test','login')
2025-06-29 09:05:35,126 - INFO - db_manager - Query executed and changes committed
2025-06-29 09:05:35,126 - DEBUG - db_manager - Database connection closed
2025-06-29 09:05:35,126 - DEBUG - db_manager - Opening connection to DB: C:\Users\Ariel Wagowsky\Desktop\Project leah\repo\backend\app\dbs\admin.db
2025-06-29 09:05:35,126 - DEBUG - db_manager - Executing SQL: INSERT OR IGNORE INTO user_permissions(username,permission) VALUES('test','select_env')
2025-06-29 09:05:35,126 - INFO - db_manager - Query executed and changes committed
2025-06-29 09:05:35,126 - DEBUG - db_manager - Database connection closed
2025-06-29 09:05:35,127 - DEBUG - db_manager - Opening connection to DB: C:\Users\Ariel Wagowsky\Desktop\Project leah\repo\backend\app\dbs\admin.db
2025-06-29 09:05:35,127 - DEBUG - db_manager - Executing SQL: INSERT OR IGNORE INTO user_permissions(username,permission) VALUES('test','view_data')
2025-06-29 09:05:35,127 - INFO - db_manager - Query executed and changes committed
2025-06-29 09:05:35,127 - DEBUG - db_manager - Database connection closed
2025-06-29 09:05:35,127 - DEBUG - db_manager - Opening connection to DB: C:\Users\Ariel Wagowsky\Desktop\Project leah\repo\backend\app\dbs\admin.db
2025-06-29 09:05:35,127 - DEBUG - db_manager - Executing SQL: INSERT OR IGNORE INTO user_permissions(username,permission) VALUES('test','apply_filters')
2025-06-29 09:05:35,128 - INFO - db_manager - Query executed and changes committed
2025-06-29 09:05:35,128 - DEBUG - db_manager - Database connection closed
2025-06-29 09:05:35,128 - DEBUG - db_manager - Opening connection to DB: C:\Users\Ariel Wagowsky\Desktop\Project leah\repo\backend\app\dbs\admin.db
2025-06-29 09:05:35,128 - DEBUG - db_manager - Executing SQL: INSERT OR IGNORE INTO user_permissions(username,permission) VALUES('test','submit_for_approval')
2025-06-29 09:05:35,128 - INFO - db_manager - Query executed and changes committed
2025-06-29 09:05:35,128 - DEBUG - db_manager - Database connection closed
2025-06-29 09:05:35,129 - INFO - db_manager - DBHandler initialized with DB path: C:\Users\Ariel Wagowsky\Desktop\Project leah\repo\backend\app\dbs\admin.db
2025-06-29 09:05:35,129 - DEBUG - db_manager - Opening connection to DB: C:\Users\Ariel Wagowsky\Desktop\Project leah\repo\backend\app\dbs\admin.db
2025-06-29 09:05:35,129 - DEBUG - db_manager - Executing SQL: 
        CREATE TABLE IF NOT EXISTS approval_requests (
            id INTEGER PRIMARY KEY AUTOINCREMENT,
            user TEXT NOT NULL,
            sql TEXT NOT NULL,
            status TEXT NOT NULL DEFAULT 'pending',
            submitted_at TEXT NOT NULL,
            approved_by TEXT
        )
    
2025-06-29 09:05:35,129 - INFO - db_manager - Query executed and changes committed
2025-06-29 09:05:35,129 - DEBUG - db_manager - Database connection closed
2025-06-29 09:05:35,129 - INFO - db_manager - DBHandler initialized with DB path: C:\Users\Ariel Wagowsky\Desktop\Project leah\repo\backend\app\dbs\admin.db
2025-06-29 09:05:35,130 - DEBUG - db_manager - Opening connection to DB: C:\Users\Ariel Wagowsky\Desktop\Project leah\repo\backend\app\dbs\admin.db
2025-06-29 09:05:35,130 - DEBUG - db_manager - Executing SQL: CREATE TABLE IF NOT EXISTS user_permissions (username TEXT, permission TEXT, PRIMARY KEY(username,permission))
2025-06-29 09:05:35,130 - INFO - db_manager - Query executed and changes committed
2025-06-29 09:05:35,130 - DEBUG - db_manager - Database connection closed
2025-06-29 09:05:35,130 - DEBUG - db_manager - Opening connection to DB: C:\Users\Ariel Wagowsky\Desktop\Project leah\repo\backend\app\dbs\admin.db
2025-06-29 09:05:35,130 - DEBUG - db_manager - Executing SQL: INSERT OR IGNORE INTO user_permissions(username,permission) VALUES('test','login')
2025-06-29 09:05:35,131 - INFO - db_manager - Query executed and changes committed
2025-06-29 09:05:35,131 - DEBUG - db_manager - Database connection closed
2025-06-29 09:05:35,131 - DEBUG - db_manager - Opening connection to DB: C:\Users\Ariel Wagowsky\Desktop\Project leah\repo\backend\app\dbs\admin.db
2025-06-29 09:05:35,131 - DEBUG - db_manager - Executing SQL: INSERT OR IGNORE INTO user_permissions(username,permission) VALUES('test','select_env')
2025-06-29 09:05:35,131 - INFO - db_manager - Query executed and changes committed
2025-06-29 09:05:35,132 - DEBUG - db_manager - Database connection closed
2025-06-29 09:05:35,132 - DEBUG - db_manager - Opening connection to DB: C:\Users\Ariel Wagowsky\Desktop\Project leah\repo\backend\app\dbs\admin.db
2025-06-29 09:05:35,132 - DEBUG - db_manager - Executing SQL: INSERT OR IGNORE INTO user_permissions(username,permission) VALUES('test','view_data')
2025-06-29 09:05:35,132 - INFO - db_manager - Query executed and changes committed
2025-06-29 09:05:35,132 - DEBUG - db_manager - Database connection closed
2025-06-29 09:05:35,132 - DEBUG - db_manager - Opening connection to DB: C:\Users\Ariel Wagowsky\Desktop\Project leah\repo\backend\app\dbs\admin.db
2025-06-29 09:05:35,133 - DEBUG - db_manager - Executing SQL: INSERT OR IGNORE INTO user_permissions(username,permission) VALUES('test','apply_filters')
2025-06-29 09:05:35,133 - INFO - db_manager - Query executed and changes committed
2025-06-29 09:05:35,133 - DEBUG - db_manager - Database connection closed
2025-06-29 09:05:35,133 - DEBUG - db_manager - Opening connection to DB: C:\Users\Ariel Wagowsky\Desktop\Project leah\repo\backend\app\dbs\admin.db
2025-06-29 09:05:35,133 - DEBUG - db_manager - Executing SQL: INSERT OR IGNORE INTO user_permissions(username,permission) VALUES('test','submit_for_approval')
2025-06-29 09:05:35,134 - INFO - db_manager - Query executed and changes committed
2025-06-29 09:05:35,134 - DEBUG - db_manager - Database connection closed
2025-06-29 09:05:35,134 - INFO - db_manager - DBHandler initialized with DB path: C:\Users\Ariel Wagowsky\Desktop\Project leah\repo\backend\app\dbs\admin.db
2025-06-29 09:05:35,134 - DEBUG - db_manager - Opening connection to DB: C:\Users\Ariel Wagowsky\Desktop\Project leah\repo\backend\app\dbs\admin.db
2025-06-29 09:05:35,135 - DEBUG - db_manager - Executing SQL: 
        CREATE TABLE IF NOT EXISTS approval_requests (
            id INTEGER PRIMARY KEY AUTOINCREMENT,
            user TEXT NOT NULL,
            sql TEXT NOT NULL,
            status TEXT NOT NULL DEFAULT 'pending',
            submitted_at TEXT NOT NULL,
            approved_by TEXT
        )
    
2025-06-29 09:05:35,135 - INFO - db_manager - Query executed and changes committed
2025-06-29 09:05:35,135 - DEBUG - db_manager - Database connection closed
