2025-06-29 09:13:33,076 - INFO - db_manager - Logger started, file: C:\Users\Ariel Wagowsky\Desktop\Project leah\repo\backend\log_files\db_manager_20250629_091333.log
2025-06-29 09:13:33,093 - INFO - db_manager - DBHandler initialized with DB path: C:\Users\Ariel Wagowsky\Desktop\Project leah\repo\backend\app\dbs\admin.db
2025-06-29 09:13:33,093 - DEBUG - db_manager - Opening connection to DB: C:\Users\Ariel Wagowsky\Desktop\Project leah\repo\backend\app\dbs\admin.db
2025-06-29 09:13:33,094 - DEBUG - db_manager - Executing SQL: CREATE TABLE IF NOT EXISTS user_permissions (username TEXT, permission TEXT, PRIMARY KEY(username,permission))
2025-06-29 09:13:33,098 - INFO - db_manager - Query executed and changes committed
2025-06-29 09:13:33,098 - DEBUG - db_manager - Database connection closed
2025-06-29 09:13:33,098 - DEBUG - db_manager - Opening connection to DB: C:\Users\Ariel Wagowsky\Desktop\Project leah\repo\backend\app\dbs\admin.db
2025-06-29 09:13:33,098 - DEBUG - db_manager - Executing SQL: INSERT OR IGNORE INTO user_permissions(username,permission) VALUES('test','login')
2025-06-29 09:13:33,098 - INFO - db_manager - Query executed and changes committed
2025-06-29 09:13:33,098 - DEBUG - db_manager - Database connection closed
2025-06-29 09:13:33,098 - DEBUG - db_manager - Opening connection to DB: C:\Users\Ariel Wagowsky\Desktop\Project leah\repo\backend\app\dbs\admin.db
2025-06-29 09:13:33,098 - DEBUG - db_manager - Executing SQL: INSERT OR IGNORE INTO user_permissions(username,permission) VALUES('test','select_env')
2025-06-29 09:13:33,100 - INFO - db_manager - Query executed and changes committed
2025-06-29 09:13:33,100 - DEBUG - db_manager - Database connection closed
2025-06-29 09:13:33,100 - DEBUG - db_manager - Opening connection to DB: C:\Users\Ariel Wagowsky\Desktop\Project leah\repo\backend\app\dbs\admin.db
2025-06-29 09:13:33,100 - DEBUG - db_manager - Executing SQL: INSERT OR IGNORE INTO user_permissions(username,permission) VALUES('test','view_data')
2025-06-29 09:13:33,100 - INFO - db_manager - Query executed and changes committed
2025-06-29 09:13:33,100 - DEBUG - db_manager - Database connection closed
2025-06-29 09:13:33,100 - DEBUG - db_manager - Opening connection to DB: C:\Users\Ariel Wagowsky\Desktop\Project leah\repo\backend\app\dbs\admin.db
2025-06-29 09:13:33,101 - DEBUG - db_manager - Executing SQL: INSERT OR IGNORE INTO user_permissions(username,permission) VALUES('test','apply_filters')
2025-06-29 09:13:33,101 - INFO - db_manager - Query executed and changes committed
2025-06-29 09:13:33,101 - DEBUG - db_manager - Database connection closed
2025-06-29 09:13:33,101 - DEBUG - db_manager - Opening connection to DB: C:\Users\Ariel Wagowsky\Desktop\Project leah\repo\backend\app\dbs\admin.db
2025-06-29 09:13:33,101 - DEBUG - db_manager - Executing SQL: INSERT OR IGNORE INTO user_permissions(username,permission) VALUES('test','submit_for_approval')
2025-06-29 09:13:33,102 - INFO - db_manager - Query executed and changes committed
2025-06-29 09:13:33,102 - DEBUG - db_manager - Database connection closed
2025-06-29 09:13:33,102 - INFO - db_manager - DBHandler initialized with DB path: C:\Users\Ariel Wagowsky\Desktop\Project leah\repo\backend\app\dbs\admin.db
2025-06-29 09:13:33,102 - DEBUG - db_manager - Opening connection to DB: C:\Users\Ariel Wagowsky\Desktop\Project leah\repo\backend\app\dbs\admin.db
2025-06-29 09:13:33,103 - DEBUG - db_manager - Executing SQL: 
        CREATE TABLE IF NOT EXISTS approval_requests (
            id INTEGER PRIMARY KEY AUTOINCREMENT,
            user TEXT NOT NULL,
            sql TEXT NOT NULL,
            status TEXT NOT NULL DEFAULT 'pending',
            submitted_at TEXT NOT NULL,
            approved_by TEXT
        )
    
2025-06-29 09:13:33,103 - INFO - db_manager - Query executed and changes committed
2025-06-29 09:13:33,103 - DEBUG - db_manager - Database connection closed
2025-06-29 09:13:33,103 - INFO - db_manager - DBHandler initialized with DB path: C:\Users\Ariel Wagowsky\Desktop\Project leah\repo\backend\app\dbs\admin.db
2025-06-29 09:13:33,103 - DEBUG - db_manager - Opening connection to DB: C:\Users\Ariel Wagowsky\Desktop\Project leah\repo\backend\app\dbs\admin.db
2025-06-29 09:13:33,103 - DEBUG - db_manager - Executing SQL: CREATE TABLE IF NOT EXISTS user_permissions (username TEXT, permission TEXT, PRIMARY KEY(username,permission))
2025-06-29 09:13:33,103 - INFO - db_manager - Query executed and changes committed
2025-06-29 09:13:33,103 - DEBUG - db_manager - Database connection closed
2025-06-29 09:13:33,103 - DEBUG - db_manager - Opening connection to DB: C:\Users\Ariel Wagowsky\Desktop\Project leah\repo\backend\app\dbs\admin.db
2025-06-29 09:13:33,105 - DEBUG - db_manager - Executing SQL: INSERT OR IGNORE INTO user_permissions(username,permission) VALUES('test','login')
2025-06-29 09:13:33,105 - INFO - db_manager - Query executed and changes committed
2025-06-29 09:13:33,105 - DEBUG - db_manager - Database connection closed
2025-06-29 09:13:33,105 - DEBUG - db_manager - Opening connection to DB: C:\Users\Ariel Wagowsky\Desktop\Project leah\repo\backend\app\dbs\admin.db
2025-06-29 09:13:33,105 - DEBUG - db_manager - Executing SQL: INSERT OR IGNORE INTO user_permissions(username,permission) VALUES('test','select_env')
2025-06-29 09:13:33,105 - INFO - db_manager - Query executed and changes committed
2025-06-29 09:13:33,106 - DEBUG - db_manager - Database connection closed
2025-06-29 09:13:33,106 - DEBUG - db_manager - Opening connection to DB: C:\Users\Ariel Wagowsky\Desktop\Project leah\repo\backend\app\dbs\admin.db
2025-06-29 09:13:33,106 - DEBUG - db_manager - Executing SQL: INSERT OR IGNORE INTO user_permissions(username,permission) VALUES('test','view_data')
2025-06-29 09:13:33,106 - INFO - db_manager - Query executed and changes committed
2025-06-29 09:13:33,106 - DEBUG - db_manager - Database connection closed
2025-06-29 09:13:33,106 - DEBUG - db_manager - Opening connection to DB: C:\Users\Ariel Wagowsky\Desktop\Project leah\repo\backend\app\dbs\admin.db
2025-06-29 09:13:33,106 - DEBUG - db_manager - Executing SQL: INSERT OR IGNORE INTO user_permissions(username,permission) VALUES('test','apply_filters')
2025-06-29 09:13:33,107 - INFO - db_manager - Query executed and changes committed
2025-06-29 09:13:33,107 - DEBUG - db_manager - Database connection closed
2025-06-29 09:13:33,107 - DEBUG - db_manager - Opening connection to DB: C:\Users\Ariel Wagowsky\Desktop\Project leah\repo\backend\app\dbs\admin.db
2025-06-29 09:13:33,107 - DEBUG - db_manager - Executing SQL: INSERT OR IGNORE INTO user_permissions(username,permission) VALUES('test','submit_for_approval')
2025-06-29 09:13:33,107 - INFO - db_manager - Query executed and changes committed
2025-06-29 09:13:33,107 - DEBUG - db_manager - Database connection closed
2025-06-29 09:13:33,108 - INFO - db_manager - DBHandler initialized with DB path: C:\Users\Ariel Wagowsky\Desktop\Project leah\repo\backend\app\dbs\admin.db
2025-06-29 09:13:33,108 - DEBUG - db_manager - Opening connection to DB: C:\Users\Ariel Wagowsky\Desktop\Project leah\repo\backend\app\dbs\admin.db
2025-06-29 09:13:33,108 - DEBUG - db_manager - Executing SQL: 
        CREATE TABLE IF NOT EXISTS approval_requests (
            id INTEGER PRIMARY KEY AUTOINCREMENT,
            user TEXT NOT NULL,
            sql TEXT NOT NULL,
            status TEXT NOT NULL DEFAULT 'pending',
            submitted_at TEXT NOT NULL,
            approved_by TEXT
        )
    
2025-06-29 09:13:33,108 - INFO - db_manager - Query executed and changes committed
2025-06-29 09:13:33,108 - DEBUG - db_manager - Database connection closed
